Peer.Peer.alice_s3 (INFO): new peer: #0 alice_s3 
INFO: 2014-01-05 13:35:14.079: new peer: #0 alice_s3 
Peer.Peer.bob_s3 (INFO): new peer: #0 bob_s3 
INFO: 2014-01-05 13:35:14.123: new peer: #0 bob_s3 
Peer.Peer.clark_s3 (INFO): new peer: #0 clark_s3 
INFO: 2014-01-05 13:35:14.134: new peer: #0 clark_s3 
FINEST: 2014-01-05 13:35:14.157: created PeerConnection
FINEST: 2014-01-05 13:35:14.170: created PeerConnection
FINEST: 2014-01-05 13:35:14.176: created PeerConnection
FINEST: 2014-01-05 13:35:14.183: created PeerConnection
FINEST: 2014-01-05 13:35:14.189: created PeerConnection
FINEST: 2014-01-05 13:35:14.206: created PeerConnection
FINEST: 2014-01-05 13:35:14.221: start listening
FINEST: 2014-01-05 13:35:14.227: try to connect
FINEST: 2014-01-05 13:35:14.233: start listening
FINEST: 2014-01-05 13:35:14.240: created new data channel
FINEST: 2014-01-05 13:35:14.254: start listening
FINEST: 2014-01-05 13:35:14.263: try to connect
FINEST: 2014-01-05 13:35:14.270: start listening
FINEST: 2014-01-05 13:35:14.289: created new data channel
FINEST: 2014-01-05 13:35:14.312: start listening
FINEST: 2014-01-05 13:35:14.319: try to connect
FINEST: 2014-01-05 13:35:14.337: start listening
FINEST: 2014-01-05 13:35:14.345: created new data channel
FINEST: 2014-01-05 13:35:14.359: create sdp offer
FINE: 2014-01-05 13:35:14.377: received sdp offer
FINEST: 2014-01-05 13:35:14.389: create sdp offer
FINE: 2014-01-05 13:35:14.399: received sdp offer
FINEST: 2014-01-05 13:35:14.409: created sdp answer
FINE: 2014-01-05 13:35:14.421: sdp answer sent
FINE: 2014-01-05 13:35:14.437: received sdp answer
FINEST: 2014-01-05 13:35:14.449: new ice candidate received
FINE: 2014-01-05 13:35:14.459: new ice candidate serialized and sent to other peer
FINEST: 2014-01-05 13:35:14.470: got ice candidate
FINEST: 2014-01-05 13:35:14.480: new ice candidate received
FINE: 2014-01-05 13:35:14.494: new ice candidate serialized and sent to other peer
FINEST: 2014-01-05 13:35:14.501: got ice candidate
FINEST: 2014-01-05 13:35:14.516: new ice candidate received
FINE: 2014-01-05 13:35:14.529: new ice candidate serialized and sent to other peer
FINEST: 2014-01-05 13:35:14.544: got ice candidate
FINEST: 2014-01-05 13:35:14.564: create sdp offer
FINE: 2014-01-05 13:35:14.581: received sdp offer
FINEST: 2014-01-05 13:35:14.601: new ice candidate received
FINE: 2014-01-05 13:35:14.606: new ice candidate serialized and sent to other peer
FINEST: 2014-01-05 13:35:14.614: got ice candidate
FINEST: 2014-01-05 13:35:14.619: new ice candidate received
FINE: 2014-01-05 13:35:14.624: new ice candidate serialized and sent to other peer
FINEST: 2014-01-05 13:35:14.637: got ice candidate
FINEST: 2014-01-05 13:35:14.649: new ice candidate received
FINE: 2014-01-05 13:35:14.654: new ice candidate serialized and sent to other peer
FINEST: 2014-01-05 13:35:14.663: got ice candidate
FINEST: 2014-01-05 13:35:14.670: new ice candidate received
FINE: 2014-01-05 13:35:14.677: new ice candidate serialized and sent to other peer
FINEST: 2014-01-05 13:35:14.684: got ice candidate
FINEST: 2014-01-05 13:35:14.691: new ice candidate received
FINE: 2014-01-05 13:35:14.698: new ice candidate serialized and sent to other peer
FINEST: 2014-01-05 13:35:14.703: got ice candidate
FINEST: 2014-01-05 13:35:14.708: new ice candidate received
FINE: 2014-01-05 13:35:14.716: new ice candidate serialized and sent to other peer
FINEST: 2014-01-05 13:35:14.722: got ice candidate
FINEST: 2014-01-05 13:35:14.727: new ice candidate received
FINE: 2014-01-05 13:35:14.740: new ice candidate serialized and sent to other peer
FINEST: 2014-01-05 13:35:14.763: got ice candidate
FINEST: 2014-01-05 13:35:14.768: new ice candidate received
FINE: 2014-01-05 13:35:14.773: new ice candidate serialized and sent to other peer
FINEST: 2014-01-05 13:35:14.778: got ice candidate
FINEST: 2014-01-05 13:35:14.783: new ice candidate received
FINE: 2014-01-05 13:35:14.794: new ice candidate serialized and sent to other peer
FINEST: 2014-01-05 13:35:14.799: got ice candidate
FINEST: 2014-01-05 13:35:14.814: created sdp answer
FINE: 2014-01-05 13:35:14.829: sdp answer sent
FINE: 2014-01-05 13:35:14.834: received sdp answer
FINEST: 2014-01-05 13:35:14.842: new ice candidate received
FINE: 2014-01-05 13:35:14.849: new ice candidate serialized and sent to other peer
FINEST: 2014-01-05 13:35:14.853: got ice candidate
FINEST: 2014-01-05 13:35:14.865: new ice candidate received
FINE: 2014-01-05 13:35:14.877: new ice candidate serialized and sent to other peer
FINEST: 2014-01-05 13:35:14.886: got ice candidate
FINEST: 2014-01-05 13:35:14.893: new ice candidate received
FINE: 2014-01-05 13:35:14.898: new ice candidate serialized and sent to other peer
FINEST: 2014-01-05 13:35:14.903: got ice candidate
FINEST: 2014-01-05 13:35:14.924: new ice candidate received
FINE: 2014-01-05 13:35:14.937: new ice candidate serialized and sent to other peer
FINEST: 2014-01-05 13:35:14.949: got ice candidate
FINEST: 2014-01-05 13:35:14.956: new ice candidate received
FINE: 2014-01-05 13:35:14.963: new ice candidate serialized and sent to other peer
FINEST: 2014-01-05 13:35:14.977: got ice candidate
FINEST: 2014-01-05 13:35:14.988: new ice candidate received
FINE: 2014-01-05 13:35:14.993: new ice candidate serialized and sent to other peer
FINEST: 2014-01-05 13:35:15.008: got ice candidate
FINEST: 2014-01-05 13:35:15.022: created sdp answer
FINE: 2014-01-05 13:35:15.035: sdp answer sent
FINE: 2014-01-05 13:35:15.050: received sdp answer
FINEST: 2014-01-05 13:35:15.070: new ice candidate received
FINE: 2014-01-05 13:35:15.082: new ice candidate serialized and sent to other peer
FINEST: 2014-01-05 13:35:15.087: got ice candidate
FINEST: 2014-01-05 13:35:15.103: new ice candidate received
FINE: 2014-01-05 13:35:15.116: new ice candidate serialized and sent to other peer
FINEST: 2014-01-05 13:35:15.121: got ice candidate
FINEST: 2014-01-05 13:35:15.127: new ice candidate received
FINE: 2014-01-05 13:35:15.132: new ice candidate serialized and sent to other peer
FINEST: 2014-01-05 13:35:15.137: got ice candidate
FINEST: 2014-01-05 13:35:15.142: new ice candidate received
FINE: 2014-01-05 13:35:15.148: new ice candidate serialized and sent to other peer
FINEST: 2014-01-05 13:35:15.153: got ice candidate
FINEST: 2014-01-05 13:35:15.160: new ice candidate received
FINE: 2014-01-05 13:35:15.165: new ice candidate serialized and sent to other peer
FINEST: 2014-01-05 13:35:15.177: got ice candidate
FINEST: 2014-01-05 13:35:15.190: new ice candidate received
FINE: 2014-01-05 13:35:15.202: new ice candidate serialized and sent to other peer
FINEST: 2014-01-05 13:35:15.207: got ice candidate
FINEST: 2014-01-05 13:35:15.214: new ice candidate received
FINEST: 2014-01-05 13:35:15.220: new ice candidate received
FINEST: 2014-01-05 13:35:15.225: new ice candidate received
FINEST: 2014-01-05 13:35:15.229: new ice candidate received
FINE: 2014-01-05 13:35:15.241: new ice candidate serialized and sent to other peer
FINEST: 2014-01-05 13:35:15.248: got ice candidate
FINEST: 2014-01-05 13:35:15.261: new ice candidate received
FINE: 2014-01-05 13:35:15.270: new ice candidate serialized and sent to other peer
FINEST: 2014-01-05 13:35:15.276: got ice candidate
FINEST: 2014-01-05 13:35:15.281: new ice candidate received
FINE: 2014-01-05 13:35:15.286: new ice candidate serialized and sent to other peer
FINEST: 2014-01-05 13:35:15.290: got ice candidate
FINEST: 2014-01-05 13:35:15.296: new ice candidate received
FINE: 2014-01-05 13:35:15.300: new ice candidate serialized and sent to other peer
FINEST: 2014-01-05 13:35:15.305: got ice candidate
FINEST: 2014-01-05 13:35:15.313: new ice candidate received
FINE: 2014-01-05 13:35:15.318: new ice candidate serialized and sent to other peer
FINEST: 2014-01-05 13:35:15.324: got ice candidate
FINEST: 2014-01-05 13:35:15.337: new ice candidate received
FINE: 2014-01-05 13:35:15.347: new ice candidate serialized and sent to other peer
FINEST: 2014-01-05 13:35:15.354: got ice candidate
FINEST: 2014-01-05 13:35:15.364: new ice candidate received
FINE: 2014-01-05 13:35:15.371: new ice candidate serialized and sent to other peer
FINEST: 2014-01-05 13:35:15.377: got ice candidate
FINEST: 2014-01-05 13:35:15.383: new ice candidate received
FINE: 2014-01-05 13:35:15.388: new ice candidate serialized and sent to other peer
FINEST: 2014-01-05 13:35:15.393: got ice candidate
FINEST: 2014-01-05 13:35:15.406: new ice candidate received
FINE: 2014-01-05 13:35:15.413: new ice candidate serialized and sent to other peer
FINEST: 2014-01-05 13:35:15.421: got ice candidate
FINEST: 2014-01-05 13:35:15.429: new ice candidate received
FINEST: 2014-01-05 13:35:15.434: new ice candidate received
FINE: 2014-01-05 13:35:15.439: new ice candidate serialized and sent to other peer
FINEST: 2014-01-05 13:35:15.447: got ice candidate
FINEST: 2014-01-05 13:35:15.455: new ice candidate received
FINE: 2014-01-05 13:35:15.471: new ice candidate serialized and sent to other peer
FINEST: 2014-01-05 13:35:15.479: got ice candidate
FINEST: 2014-01-05 13:35:15.485: new ice candidate received
FINE: 2014-01-05 13:35:15.500: new ice candidate serialized and sent to other peer
FINEST: 2014-01-05 13:35:15.505: got ice candidate
FINEST: 2014-01-05 13:35:15.524: new ice candidate received
FINE: 2014-01-05 13:35:15.537: new ice candidate serialized and sent to other peer
FINEST: 2014-01-05 13:35:15.552: got ice candidate
FINEST: 2014-01-05 13:35:15.578: new ice candidate received
FINE: 2014-01-05 13:35:15.583: new ice candidate serialized and sent to other peer
FINEST: 2014-01-05 13:35:15.588: got ice candidate
FINEST: 2014-01-05 13:35:15.594: new ice candidate received
FINE: 2014-01-05 13:35:15.599: new ice candidate serialized and sent to other peer
FINEST: 2014-01-05 13:35:15.614: got ice candidate
FINEST: 2014-01-05 13:35:15.625: new ice candidate received
FINEST: 2014-01-05 13:35:15.630: new ice candidate received
FINE: 2014-01-05 13:35:15.635: new ice candidate serialized and sent to other peer
FINEST: 2014-01-05 13:35:15.649: got ice candidate
FINEST: 2014-01-05 13:35:15.659: new ice candidate received
FINE: 2014-01-05 13:35:15.670: new ice candidate serialized and sent to other peer
FINEST: 2014-01-05 13:35:15.675: got ice candidate
FINEST: 2014-01-05 13:35:15.680: new ice candidate received
FINE: 2014-01-05 13:35:15.685: new ice candidate serialized and sent to other peer
FINEST: 2014-01-05 13:35:15.690: got ice candidate
FINEST: 2014-01-05 13:35:15.724: new ice candidate received
FINE: 2014-01-05 13:35:15.729: new ice candidate serialized and sent to other peer
FINEST: 2014-01-05 13:35:15.734: got ice candidate
FINEST: 2014-01-05 13:35:15.743: new ice candidate received
FINE: 2014-01-05 13:35:15.755: new ice candidate serialized and sent to other peer
FINEST: 2014-01-05 13:35:15.765: got ice candidate
FINEST: 2014-01-05 13:35:15.774: new ice candidate received
FINE: 2014-01-05 13:35:15.780: new ice candidate serialized and sent to other peer
FINEST: 2014-01-05 13:35:15.785: got ice candidate
FINEST: 2014-01-05 13:35:15.791: new ice candidate received
FINE: 2014-01-05 13:35:15.796: change state: CONNECTED
Peer.Peer.clark_s3 (INFO): new connection added! (now: 1)
INFO: 2014-01-05 13:35:15.802: new connection added! (now: 1)
INFO: 2014-01-05 13:35:15.811: datachannel received
FINE: 2014-01-05 13:35:15.816: change state: CONNECTED
Peer.Peer.alice_s3 (INFO): new connection added! (now: 1)
INFO: 2014-01-05 13:35:15.822: new connection added! (now: 1)
FINE: 2014-01-05 13:35:15.833: change state: CONNECTED
Peer.Peer.clark_s3 (INFO): new connection added! (now: 2)
INFO: 2014-01-05 13:35:15.838: new connection added! (now: 2)
connected to exactly 2 client. looks quite good
FINE: 2014-01-05 13:35:15.853: new message added to buffer
FINE: 2014-01-05 13:35:15.866: new message added to buffer
Peer.Peer.clark_s3 (INFO): Broadcast: 2 messages where sent!
INFO: 2014-01-05 13:35:15.873: Broadcast: 2 messages where sent!
INFO: 2014-01-05 13:35:15.897: send message to : 671529411
INFO: 2014-01-05 13:35:15.917: send message to : 851680592
INFO: 2014-01-05 13:35:15.925: datachannel received
FINE: 2014-01-05 13:35:15.932: change state: CONNECTED
Peer.Peer.bob_s3 (INFO): new connection added! (now: 1)
INFO: 2014-01-05 13:35:15.946: new connection added! (now: 1)
FINE: 2014-01-05 13:35:15.962: change state: CONNECTED
Peer.Peer.bob_s3 (INFO): new connection added! (now: 2)
INFO: 2014-01-05 13:35:15.967: new connection added! (now: 2)
connected to exactly 2 client. looks quite good
FINE: 2014-01-05 13:35:15.978: new message added to buffer
FINE: 2014-01-05 13:35:15.994: new message added to buffer
Peer.Peer.bob_s3 (INFO): Broadcast: 2 messages where sent!
INFO: 2014-01-05 13:35:16.005: Broadcast: 2 messages where sent!
INFO: 2014-01-05 13:35:16.017: send message to : 449539889
INFO: 2014-01-05 13:35:16.036: send message to : 949026801
FINEST: 2014-01-05 13:35:16.054: Message received from DataChannel
Peer.Peer.alice_s3 (INFO): message redirected
INFO: 2014-01-05 13:35:16.069: message redirected
alice received message
FINEST: 2014-01-05 13:35:16.084: Message received from DataChannel
Peer.Peer.bob_s3 (INFO): message redirected
INFO: 2014-01-05 13:35:16.099: message redirected
bob received message
INFO: 2014-01-05 13:35:16.129: datachannel received
FINE: 2014-01-05 13:35:16.144: change state: CONNECTED
Peer.Peer.alice_s3 (INFO): new connection added! (now: 2)
INFO: 2014-01-05 13:35:16.151: new connection added! (now: 2)
connected to exactly 2 client. looks quite good
FINE: 2014-01-05 13:35:16.174: new message added to buffer
FINE: 2014-01-05 13:35:16.197: new message added to buffer
Peer.Peer.alice_s3 (INFO): Broadcast: 2 messages where sent!
INFO: 2014-01-05 13:35:16.212: Broadcast: 2 messages where sent!
INFO: 2014-01-05 13:35:16.234: send message to : 130692857
INFO: 2014-01-05 13:35:16.246: send message to : 517413376
FINEST: 2014-01-05 13:35:16.266: Message received from DataChannel
Peer.Peer.alice_s3 (INFO): message redirected
INFO: 2014-01-05 13:35:16.272: message redirected
alice received message
FINEST: 2014-01-05 13:35:16.299: Message received from DataChannel
Peer.Peer.clark_s3 (INFO): message redirected
INFO: 2014-01-05 13:35:16.307: message redirected
clark received message
FINEST: 2014-01-05 13:35:16.324: Message received from DataChannel
Peer.Peer.clark_s3 (INFO): message redirected
INFO: 2014-01-05 13:35:16.329: message redirected
clark received message
FINEST: 2014-01-05 13:35:16.346: Message received from DataChannel
Peer.Peer.bob_s3 (INFO): message redirected
INFO: 2014-01-05 13:35:16.351: message redirected
bob received message
